{
  "stats": {
    "suites": 12,
    "tests": 41,
    "passes": 21,
    "pending": 0,
    "failures": 20,
    "start": "2021-09-12T19:32:02.020Z",
    "end": "2021-09-12T19:33:34.358Z",
    "duration": 92338,
    "testsRegistered": 41,
    "passPercent": 51.21951219512195,
    "pendingPercent": 0,
    "other": 0,
    "hasOther": false,
    "skipped": 0,
    "hasSkipped": false
  },
  "results": [
    {
      "uuid": "2e18e979-02e7-4886-8c21-6daab113335a",
      "title": "",
      "fullFile": "cypress/integration/project.spec.js",
      "file": "cypress/integration/project.spec.js",
      "beforeHooks": [],
      "afterHooks": [],
      "tests": [],
      "suites": [
        {
          "uuid": "77f35a8f-a363-4ad0-8c68-b35f87cc74d3",
          "title": "1 - Adicione à página o título \"Paleta de Cores\".",
          "fullFile": "",
          "file": "",
          "beforeHooks": [],
          "afterHooks": [],
          "tests": [
            {
              "title": "Verifica se contém um elemento `h1` com o id `title` com o título correto",
              "fullTitle": "1 - Adicione à página o título \"Paleta de Cores\". Verifica se contém um elemento `h1` com o id `title` com o título correto",
              "timedOut": null,
              "duration": 183,
              "state": "passed",
              "speed": "slow",
              "pass": true,
              "fail": false,
              "pending": false,
              "context": null,
              "code": "cy.get('h1#title').should('contain.text', 'Paleta de Cores');",
              "err": {},
              "uuid": "3e324460-f05f-416d-bf3e-3bdee9b0a8e2",
              "parentUUID": "77f35a8f-a363-4ad0-8c68-b35f87cc74d3",
              "isHook": false,
              "skipped": false
            }
          ],
          "suites": [],
          "passes": [
            "3e324460-f05f-416d-bf3e-3bdee9b0a8e2"
          ],
          "failures": [],
          "pending": [],
          "skipped": [],
          "duration": 183,
          "root": false,
          "rootEmpty": false,
          "_timeout": 2000
        },
        {
          "uuid": "7e68eaf4-0a29-4e39-a297-8e4051f7fc32",
          "title": "2 - Adicione à página uma paleta de quatro cores distintas.",
          "fullFile": "",
          "file": "",
          "beforeHooks": [],
          "afterHooks": [],
          "tests": [
            {
              "title": "A paleta de cores deve ser um elemento com `id` denominado `color-palette`",
              "fullTitle": "2 - Adicione à página uma paleta de quatro cores distintas. A paleta de cores deve ser um elemento com `id` denominado `color-palette`",
              "timedOut": null,
              "duration": 110,
              "state": "passed",
              "speed": "slow",
              "pass": true,
              "fail": false,
              "pending": false,
              "context": null,
              "code": "cy.get('#color-palette').should('be.visible');\ncy.get('#color-palette').children('.color');",
              "err": {},
              "uuid": "0c039024-5cfb-441f-8a4f-a8ac386229de",
              "parentUUID": "7e68eaf4-0a29-4e39-a297-8e4051f7fc32",
              "isHook": false,
              "skipped": false
            },
            {
              "title": "Verifica se cada cor individual da paleta de cores possui a `classe` chamada `color`.",
              "fullTitle": "2 - Adicione à página uma paleta de quatro cores distintas. Verifica se cada cor individual da paleta de cores possui a `classe` chamada `color`.",
              "timedOut": null,
              "duration": 128,
              "state": "passed",
              "speed": "slow",
              "pass": true,
              "fail": false,
              "pending": false,
              "context": null,
              "code": "cy.get('.color').should('have.length', 4).then(function (colors) {\n  for (var i = 0; i < colors.length; i++) {\n    cy.wrap(colors[i]).should('be.visible');\n  }\n});",
              "err": {},
              "uuid": "2cbd4c55-7fcb-44ff-b1cd-c4407576144a",
              "parentUUID": "7e68eaf4-0a29-4e39-a297-8e4051f7fc32",
              "isHook": false,
              "skipped": false
            },
            {
              "title": "Verifica se a cor de fundo de cada elemento da paleta é a cor que o elemento representa. **A única cor não permitida na paleta é a cor branca.**",
              "fullTitle": "2 - Adicione à página uma paleta de quatro cores distintas. Verifica se a cor de fundo de cada elemento da paleta é a cor que o elemento representa. **A única cor não permitida na paleta é a cor branca.**",
              "timedOut": null,
              "duration": 152,
              "state": "passed",
              "speed": "slow",
              "pass": true,
              "fail": false,
              "pending": false,
              "context": null,
              "code": "cy.get('.color').each(function (color) {\n  cy.wrap(color).should('have.class', 'color').and('not.have.css', 'background-color', WHITE);\n  cy.wrap(color).should('have.css', 'background-color');\n});",
              "err": {},
              "uuid": "cb498261-146a-4199-a637-5ae2e099bf9a",
              "parentUUID": "7e68eaf4-0a29-4e39-a297-8e4051f7fc32",
              "isHook": false,
              "skipped": false
            },
            {
              "title": "Verifica se cada elemento da paleta de cores tem uma borda preta, sólida e com 1 pixel de largura;",
              "fullTitle": "2 - Adicione à página uma paleta de quatro cores distintas. Verifica se cada elemento da paleta de cores tem uma borda preta, sólida e com 1 pixel de largura;",
              "timedOut": null,
              "duration": 138,
              "state": "passed",
              "speed": "slow",
              "pass": true,
              "fail": false,
              "pending": false,
              "context": null,
              "code": "cy.get('.color').each(function (color) {\n  cy.wrap(color).and('have.css', 'border', \"1px solid \".concat(BLACK)).and('have.class', 'color');\n});",
              "err": {},
              "uuid": "3d658552-d503-4e6b-abf0-74bb23c9577b",
              "parentUUID": "7e68eaf4-0a29-4e39-a297-8e4051f7fc32",
              "isHook": false,
              "skipped": false
            },
            {
              "title": "Verifica se a paleta lista todas as cores disponíveis para utilização, lado a lado.",
              "fullTitle": "2 - Adicione à página uma paleta de quatro cores distintas. Verifica se a paleta lista todas as cores disponíveis para utilização, lado a lado.",
              "timedOut": null,
              "duration": 181,
              "state": "passed",
              "speed": "slow",
              "pass": true,
              "fail": false,
              "pending": false,
              "context": null,
              "code": "cy.get('.color').then(function (colors) {\n  for (var index = 1; index < colors.length; index += 1) {\n    var currentColor = colors[index];\n    var previousColor = colors[index - 1];\n    cy.wrap(currentColor).should('be.onTheRightOf', previousColor).and('be.horizontallyAlignedWith', previousColor);\n  }\n});",
              "err": {},
              "uuid": "b073a330-455b-4e8f-a52a-92d94b5e9844",
              "parentUUID": "7e68eaf4-0a29-4e39-a297-8e4051f7fc32",
              "isHook": false,
              "skipped": false
            },
            {
              "title": "Verifica se a paleta de cores está posicionada abaixo do título 'Paleta de Cores'",
              "fullTitle": "2 - Adicione à página uma paleta de quatro cores distintas. Verifica se a paleta de cores está posicionada abaixo do título 'Paleta de Cores'",
              "timedOut": null,
              "duration": 100,
              "state": "passed",
              "speed": "slow",
              "pass": true,
              "fail": false,
              "pending": false,
              "context": null,
              "code": "cy.get('h1#title').then(function (title) {\n  cy.get('#color-palette').should('be.belowOf', title);\n});",
              "err": {},
              "uuid": "4a822685-c0a1-4cfc-976e-324bd33104e2",
              "parentUUID": "7e68eaf4-0a29-4e39-a297-8e4051f7fc32",
              "isHook": false,
              "skipped": false
            },
            {
              "title": "Verifica se a paleta de cores não contém cores repetidas.",
              "fullTitle": "2 - Adicione à página uma paleta de quatro cores distintas. Verifica se a paleta de cores não contém cores repetidas.",
              "timedOut": null,
              "duration": 84,
              "state": "passed",
              "speed": "slow",
              "pass": true,
              "fail": false,
              "pending": false,
              "context": null,
              "code": "cy.get('.color').then(function (colors) {\n  var allColors = Array.from(colors).map(function (color) {\n    return Cypress.$(color).css('background-color');\n  });\n  cy.log(allColors);\n  var uniqColors = (0, _toConsumableArray2[\"default\"])(new Set(allColors));\n  cy.log(uniqColors);\n  expect(allColors.length).to.eq(uniqColors.length);\n});",
              "err": {},
              "uuid": "e04ec32f-8282-4435-8b21-94447c980678",
              "parentUUID": "7e68eaf4-0a29-4e39-a297-8e4051f7fc32",
              "isHook": false,
              "skipped": false
            }
          ],
          "suites": [],
          "passes": [
            "0c039024-5cfb-441f-8a4f-a8ac386229de",
            "2cbd4c55-7fcb-44ff-b1cd-c4407576144a",
            "cb498261-146a-4199-a637-5ae2e099bf9a",
            "3d658552-d503-4e6b-abf0-74bb23c9577b",
            "b073a330-455b-4e8f-a52a-92d94b5e9844",
            "4a822685-c0a1-4cfc-976e-324bd33104e2",
            "e04ec32f-8282-4435-8b21-94447c980678"
          ],
          "failures": [],
          "pending": [],
          "skipped": [],
          "duration": 893,
          "root": false,
          "rootEmpty": false,
          "_timeout": 2000
        },
        {
          "uuid": "c312d197-c009-4a2f-a4b4-9f146a4e4231",
          "title": "3 - Adicione a cor **preta** como a primeira cor da paleta de cores.",
          "fullFile": "",
          "file": "",
          "beforeHooks": [],
          "afterHooks": [],
          "tests": [
            {
              "title": "Verifica se a primeira cor da paleta é preta",
              "fullTitle": "3 - Adicione a cor **preta** como a primeira cor da paleta de cores. Verifica se a primeira cor da paleta é preta",
              "timedOut": null,
              "duration": 107,
              "state": "passed",
              "speed": "slow",
              "pass": true,
              "fail": false,
              "pending": false,
              "context": null,
              "code": "cy.get('.color').first().should('have.css', 'background-color', BLACK);",
              "err": {},
              "uuid": "5cd91fc6-b04f-46d2-ae5a-b0c3e4fae4a8",
              "parentUUID": "c312d197-c009-4a2f-a4b4-9f146a4e4231",
              "isHook": false,
              "skipped": false
            },
            {
              "title": "Verifica se as demais cores podem ser escolhidas livremente.",
              "fullTitle": "3 - Adicione a cor **preta** como a primeira cor da paleta de cores. Verifica se as demais cores podem ser escolhidas livremente.",
              "timedOut": null,
              "duration": 175,
              "state": "passed",
              "speed": "slow",
              "pass": true,
              "fail": false,
              "pending": false,
              "context": null,
              "code": "cy.get('.color').eq(1).should('not.have.css', 'background-color', BLACK);\ncy.get('.color').eq(1).should('not.have.css', 'background-color', WHITE);\ncy.get('.color').eq(1).should('not.have.css', 'background-color', 'rgba(0, 0, 0, 0)');\ncy.get('.color').eq(1).should('have.css', 'background-color');\ncy.get('.color').eq(2).should('not.have.css', 'background-color', BLACK);\ncy.get('.color').eq(2).should('not.have.css', 'background-color', WHITE);\ncy.get('.color').eq(2).should('not.have.css', 'background-color', 'rgba(0, 0, 0, 0)');\ncy.get('.color').eq(2).should('have.css', 'background-color');\ncy.get('.color').eq(3).should('not.have.css', 'background-color', BLACK);\ncy.get('.color').eq(3).should('not.have.css', 'background-color', WHITE);\ncy.get('.color').eq(3).should('not.have.css', 'background-color', 'rgba(0, 0, 0, 0)');\ncy.get('.color').eq(3).should('have.css', 'background-color');",
              "err": {},
              "uuid": "d33c99da-081e-4da7-b35d-d8893b926e3a",
              "parentUUID": "c312d197-c009-4a2f-a4b4-9f146a4e4231",
              "isHook": false,
              "skipped": false
            }
          ],
          "suites": [],
          "passes": [
            "5cd91fc6-b04f-46d2-ae5a-b0c3e4fae4a8",
            "d33c99da-081e-4da7-b35d-d8893b926e3a"
          ],
          "failures": [],
          "pending": [],
          "skipped": [],
          "duration": 282,
          "root": false,
          "rootEmpty": false,
          "_timeout": 2000
        },
        {
          "uuid": "29e478a4-de27-48f2-b29a-e3eb00e71445",
          "title": "4 - Adicione à página um quadro de pixels, com 25 pixels.",
          "fullFile": "",
          "file": "",
          "beforeHooks": [],
          "afterHooks": [],
          "tests": [
            {
              "title": "Verifica se o quadro de pixels possui o `id` denominado `pixel-board`",
              "fullTitle": "4 - Adicione à página um quadro de pixels, com 25 pixels. Verifica se o quadro de pixels possui o `id` denominado `pixel-board`",
              "timedOut": null,
              "duration": 105,
              "state": "passed",
              "speed": "slow",
              "pass": true,
              "fail": false,
              "pending": false,
              "context": null,
              "code": "cy.get('#pixel-board').should('be.visible');",
              "err": {},
              "uuid": "44a5442b-10e9-4c0d-85b2-d5ccd6ac4300",
              "parentUUID": "29e478a4-de27-48f2-b29a-e3eb00e71445",
              "isHook": false,
              "skipped": false
            },
            {
              "title": "Verifica se cada pixel individual dentro do quadro possui a `classe` denominada `pixel`.",
              "fullTitle": "4 - Adicione à página um quadro de pixels, com 25 pixels. Verifica se cada pixel individual dentro do quadro possui a `classe` denominada `pixel`.",
              "timedOut": null,
              "duration": 108,
              "state": "passed",
              "speed": "slow",
              "pass": true,
              "fail": false,
              "pending": false,
              "context": null,
              "code": "cy.get('.pixel').should('have.length', 25);",
              "err": {},
              "uuid": "d34e2454-b01f-4d17-ba55-48ee044d1e9c",
              "parentUUID": "29e478a4-de27-48f2-b29a-e3eb00e71445",
              "isHook": false,
              "skipped": false
            },
            {
              "title": "Verifica se a cor inicial dos pixels dentro do quadro, ao abrir a página, é branca.",
              "fullTitle": "4 - Adicione à página um quadro de pixels, com 25 pixels. Verifica se a cor inicial dos pixels dentro do quadro, ao abrir a página, é branca.",
              "timedOut": null,
              "duration": 156,
              "state": "passed",
              "speed": "slow",
              "pass": true,
              "fail": false,
              "pending": false,
              "context": null,
              "code": "cy.get('.pixel').should('have.length', 25).each(function (pixel) {\n  expect(pixel).to.have.css('background-color', WHITE);\n});",
              "err": {},
              "uuid": "6a555860-822b-4199-a8fb-77427e5bd093",
              "parentUUID": "29e478a4-de27-48f2-b29a-e3eb00e71445",
              "isHook": false,
              "skipped": false
            },
            {
              "title": "Verifica se o quadro de pixels aparece abaixo da paleta de cores",
              "fullTitle": "4 - Adicione à página um quadro de pixels, com 25 pixels. Verifica se o quadro de pixels aparece abaixo da paleta de cores",
              "timedOut": null,
              "duration": 87,
              "state": "passed",
              "speed": "slow",
              "pass": true,
              "fail": false,
              "pending": false,
              "context": null,
              "code": "cy.get('#color-palette').then(function (palette) {\n  cy.get('#pixel-board').should('be.belowOf', palette);\n});",
              "err": {},
              "uuid": "0ee92d55-8a67-4e88-8fa3-9b570928a478",
              "parentUUID": "29e478a4-de27-48f2-b29a-e3eb00e71445",
              "isHook": false,
              "skipped": false
            }
          ],
          "suites": [],
          "passes": [
            "44a5442b-10e9-4c0d-85b2-d5ccd6ac4300",
            "d34e2454-b01f-4d17-ba55-48ee044d1e9c",
            "6a555860-822b-4199-a8fb-77427e5bd093",
            "0ee92d55-8a67-4e88-8fa3-9b570928a478"
          ],
          "failures": [],
          "pending": [],
          "skipped": [],
          "duration": 456,
          "root": false,
          "rootEmpty": false,
          "_timeout": 2000
        },
        {
          "uuid": "86f9d975-9d35-497d-a084-2a4863e1ae65",
          "title": "5 - Faça com que cada elemento do quadro de pixels possua 40 pixels de largura, 40 pixels de altura e seja delimitado por uma borda preta de 1 pixel.",
          "fullFile": "",
          "file": "",
          "beforeHooks": [],
          "afterHooks": [],
          "tests": [
            {
              "title": "Verifica se o quadro de pixels tem altura e comprimento de 5 elementos",
              "fullTitle": "5 - Faça com que cada elemento do quadro de pixels possua 40 pixels de largura, 40 pixels de altura e seja delimitado por uma borda preta de 1 pixel. Verifica se o quadro de pixels tem altura e comprimento de 5 elementos",
              "timedOut": null,
              "duration": 247,
              "state": "passed",
              "speed": "slow",
              "pass": true,
              "fail": false,
              "pending": false,
              "context": null,
              "code": "cy.get('.pixel').should('have.length', 25).each(function (pixel) {\n  expect(pixel).to.have.css('background-color', WHITE);\n}).and(function (pixels) {\n  var rows = chunk(pixels, 5);\n  rows.forEach(function (row) {\n    for (var index = 1; index < row.length; index += 1) {\n      var current = pixels[index];\n      var previous = pixels[index - 1];\n      cy.wrap(current).should('be.onTheRightOf', previous).and('be.horizontallyAlignedWith', previous);\n    }\n  });\n  for (var index = 1; index < 5; index += 1) {\n    expect(pixels[index * 5]).to.be.belowOf(pixels[(index - 1) * 5]);\n  }\n});",
              "err": {},
              "uuid": "a54cdff1-aa60-4675-8cf5-585ecb84d034",
              "parentUUID": "86f9d975-9d35-497d-a084-2a4863e1ae65",
              "isHook": false,
              "skipped": false
            },
            {
              "title": "Verifica se 40 pixels é o tamanho total do elemento, incluindo seu conteúdo e excluindo a borda preta, que deve ser criada à parte.",
              "fullTitle": "5 - Faça com que cada elemento do quadro de pixels possua 40 pixels de largura, 40 pixels de altura e seja delimitado por uma borda preta de 1 pixel. Verifica se 40 pixels é o tamanho total do elemento, incluindo seu conteúdo e excluindo a borda preta, que deve ser criada à parte.",
              "timedOut": null,
              "duration": 250,
              "state": "passed",
              "speed": "slow",
              "pass": true,
              "fail": false,
              "pending": false,
              "context": null,
              "code": "cy.get('.pixel').each(function (pixel) {\n  cy.wrap(pixel).should('have.css', 'height', '40px').and('have.css', 'width', '40px').and('have.css', 'border', \"1px solid \".concat(BLACK));\n});",
              "err": {},
              "uuid": "62ee333e-807d-498b-b526-9644f935a648",
              "parentUUID": "86f9d975-9d35-497d-a084-2a4863e1ae65",
              "isHook": false,
              "skipped": false
            }
          ],
          "suites": [],
          "passes": [
            "a54cdff1-aa60-4675-8cf5-585ecb84d034",
            "62ee333e-807d-498b-b526-9644f935a648"
          ],
          "failures": [],
          "pending": [],
          "skipped": [],
          "duration": 497,
          "root": false,
          "rootEmpty": false,
          "_timeout": 2000
        },
        {
          "uuid": "9caba930-140c-4f6f-8a95-7967e40d47e7",
          "title": "6 - Defina a cor preta como cor inicial. Ao carregar a página a cor preta já deve estar selecionada para pintar os pixels",
          "fullFile": "",
          "file": "",
          "beforeHooks": [],
          "afterHooks": [],
          "tests": [
            {
              "title": "Verifica se o elemento da cor preta possui, inicialmente, a `classe` `selected`",
              "fullTitle": "6 - Defina a cor preta como cor inicial. Ao carregar a página a cor preta já deve estar selecionada para pintar os pixels Verifica se o elemento da cor preta possui, inicialmente, a `classe` `selected`",
              "timedOut": null,
              "duration": 96,
              "state": "passed",
              "speed": "slow",
              "pass": true,
              "fail": false,
              "pending": false,
              "context": null,
              "code": "cy.get('.selected').first().should('have.css', 'background-color', BLACK);",
              "err": {},
              "uuid": "88f9e6f1-3c92-4cd0-a744-616c6d02db75",
              "parentUUID": "9caba930-140c-4f6f-8a95-7967e40d47e7",
              "isHook": false,
              "skipped": false
            },
            {
              "title": "Verifica se nenhuma outra cor da paleta tem a `classe` `selected`",
              "fullTitle": "6 - Defina a cor preta como cor inicial. Ao carregar a página a cor preta já deve estar selecionada para pintar os pixels Verifica se nenhuma outra cor da paleta tem a `classe` `selected`",
              "timedOut": null,
              "duration": 94,
              "state": "passed",
              "speed": "slow",
              "pass": true,
              "fail": false,
              "pending": false,
              "context": null,
              "code": "cy.get('.color:not(:first-child)').each(function (color) {\n  cy.wrap(color).should('not.have.class', 'selected');\n});",
              "err": {},
              "uuid": "62dca95f-2f69-4796-91f3-d45a653a1a12",
              "parentUUID": "9caba930-140c-4f6f-8a95-7967e40d47e7",
              "isHook": false,
              "skipped": false
            }
          ],
          "suites": [],
          "passes": [
            "88f9e6f1-3c92-4cd0-a744-616c6d02db75",
            "62dca95f-2f69-4796-91f3-d45a653a1a12"
          ],
          "failures": [],
          "pending": [],
          "skipped": [],
          "duration": 190,
          "root": false,
          "rootEmpty": false,
          "_timeout": 2000
        },
        {
          "uuid": "efca4312-a846-4ec1-82d7-a78868dd87b7",
          "title": "7 - Clicar em uma das cores da paleta, faz com que ela seja selecionada e utilizada para preencher os pixels no quadro.",
          "fullFile": "",
          "file": "",
          "beforeHooks": [],
          "afterHooks": [],
          "tests": [
            {
              "title": "Verifica se somente uma cor da paleta de cores tem a classe `selected` de cada vez",
              "fullTitle": "7 - Clicar em uma das cores da paleta, faz com que ela seja selecionada e utilizada para preencher os pixels no quadro. Verifica se somente uma cor da paleta de cores tem a classe `selected` de cada vez",
              "timedOut": null,
              "duration": 474,
              "state": "passed",
              "speed": "slow",
              "pass": true,
              "fail": false,
              "pending": false,
              "context": null,
              "code": "cy.get('.color').each(function (selectedColor, selectedColorIndex) {\n  cy.wrap(selectedColor).click();\n  cy.get('.color').each(function (color, colorIndex) {\n    if (colorIndex === selectedColorIndex) {\n      expect(color).to.have[\"class\"]('selected');\n    } else {\n      expect(color).not.to.have[\"class\"]('selected');\n    }\n  });\n});",
              "err": {},
              "uuid": "bbad4ea7-97c9-42e7-96d4-10b5a40d97d3",
              "parentUUID": "efca4312-a846-4ec1-82d7-a78868dd87b7",
              "isHook": false,
              "skipped": false
            },
            {
              "title": "Verifica se os pixels dentro do quadro não têm a classe `selected` quando são clicados",
              "fullTitle": "7 - Clicar em uma das cores da paleta, faz com que ela seja selecionada e utilizada para preencher os pixels no quadro. Verifica se os pixels dentro do quadro não têm a classe `selected` quando são clicados",
              "timedOut": null,
              "duration": 8510,
              "state": "passed",
              "speed": "slow",
              "pass": true,
              "fail": false,
              "pending": false,
              "context": null,
              "code": "cy.get('.color').each(function (color) {\n  var backgroundColor = color.css('background-color');\n  cy.wrap(color).click();\n  cy.get('.pixel').each(function (pixel) {\n    cy.wrap(pixel).click().should('not.have.class', 'selected');\n  });\n});",
              "err": {},
              "uuid": "5db0eee1-a4a5-4fcd-b979-87fea3c8e6eb",
              "parentUUID": "efca4312-a846-4ec1-82d7-a78868dd87b7",
              "isHook": false,
              "skipped": false
            }
          ],
          "suites": [],
          "passes": [
            "bbad4ea7-97c9-42e7-96d4-10b5a40d97d3",
            "5db0eee1-a4a5-4fcd-b979-87fea3c8e6eb"
          ],
          "failures": [],
          "pending": [],
          "skipped": [],
          "duration": 8984,
          "root": false,
          "rootEmpty": false,
          "_timeout": 2000
        },
        {
          "uuid": "ef457abd-1dff-4c2a-a2f6-0b2e5133c8b8",
          "title": "8 - Clicar em um pixel dentro do quadro após selecionar uma cor na paleta, faz com que o pixel seja preenchido com a cor selecionada.",
          "fullFile": "",
          "file": "",
          "beforeHooks": [],
          "afterHooks": [],
          "tests": [
            {
              "title": "Verifica se ao carregar a página deve ser possível pintar os pixels de preto",
              "fullTitle": "8 - Clicar em um pixel dentro do quadro após selecionar uma cor na paleta, faz com que o pixel seja preenchido com a cor selecionada. Verifica se ao carregar a página deve ser possível pintar os pixels de preto",
              "timedOut": null,
              "duration": 4374,
              "state": "failed",
              "speed": null,
              "pass": false,
              "fail": true,
              "pending": false,
              "context": null,
              "code": "cy.get('.pixel').each(function (pixel) {\n  cy.wrap(pixel).click().should('have.css', 'background-color', BLACK);\n});",
              "err": {
                "message": "CypressError: Timed out retrying: expected '<div.pixel>' to have CSS property 'background-color' with the value 'rgb(0, 0, 0)', but the value was 'rgb(255, 255, 255)'",
                "estack": "CypressError: Timed out retrying: expected '<div.pixel>' to have CSS property 'background-color' with the value 'rgb(0, 0, 0)', but the value was 'rgb(255, 255, 255)'\n    at cypressErr (http://localhost:43907/__cypress/runner/cypress_runner.js:149934:9)\n    at throwErr (http://localhost:43907/__cypress/runner/cypress_runner.js:149867:11)\n    at Object.throwErrByPath (http://localhost:43907/__cypress/runner/cypress_runner.js:149915:3)\n    at retry (http://localhost:43907/__cypress/runner/cypress_runner.js:144197:19)\n    at onFailFn (http://localhost:43907/__cypress/runner/cypress_runner.js:132448:16)\n    at tryCatcher (http://localhost:43907/__cypress/runner/cypress_runner.js:167415:23)\n    at Promise._settlePromiseFromHandler (http://localhost:43907/__cypress/runner/cypress_runner.js:165351:31)\n    at Promise._settlePromise (http://localhost:43907/__cypress/runner/cypress_runner.js:165408:18)\n    at Promise._settlePromise0 (http://localhost:43907/__cypress/runner/cypress_runner.js:165453:10)\n    at Promise._settlePromises (http://localhost:43907/__cypress/runner/cypress_runner.js:165528:18)\n    at Async../node_modules/bluebird/js/release/async.js.Async._drainQueue (http://localhost:43907/__cypress/runner/cypress_runner.js:162140:16)\n    at Async../node_modules/bluebird/js/release/async.js.Async._drainQueues (http://localhost:43907/__cypress/runner/cypress_runner.js:162150:10)\n    at Async.drainQueues (http://localhost:43907/__cypress/runner/cypress_runner.js:162024:14)",
                "diff": null
              },
              "uuid": "7d896013-697a-4005-b76c-dbc47ae13373",
              "parentUUID": "ef457abd-1dff-4c2a-a2f6-0b2e5133c8b8",
              "isHook": false,
              "skipped": false
            },
            {
              "title": "Verifica se após selecionar uma outra cor na paleta, é possível pintar os pixels com essa cor",
              "fullTitle": "8 - Clicar em um pixel dentro do quadro após selecionar uma cor na paleta, faz com que o pixel seja preenchido com a cor selecionada. Verifica se após selecionar uma outra cor na paleta, é possível pintar os pixels com essa cor",
              "timedOut": null,
              "duration": 4444,
              "state": "failed",
              "speed": null,
              "pass": false,
              "fail": true,
              "pending": false,
              "context": null,
              "code": "cy.get('.color').each(function (color) {\n  var backgroundColor = color.css('background-color');\n  cy.wrap(color).click();\n  cy.get('.pixel').each(function (pixel) {\n    cy.wrap(pixel).click().should('have.css', 'background-color', backgroundColor);\n  });\n});",
              "err": {
                "message": "CypressError: Timed out retrying: expected '<div.pixel>' to have CSS property 'background-color' with the value 'rgb(0, 0, 0)', but the value was 'rgb(255, 255, 255)'",
                "estack": "CypressError: Timed out retrying: expected '<div.pixel>' to have CSS property 'background-color' with the value 'rgb(0, 0, 0)', but the value was 'rgb(255, 255, 255)'\n    at cypressErr (http://localhost:43907/__cypress/runner/cypress_runner.js:149934:9)\n    at throwErr (http://localhost:43907/__cypress/runner/cypress_runner.js:149867:11)\n    at Object.throwErrByPath (http://localhost:43907/__cypress/runner/cypress_runner.js:149915:3)\n    at retry (http://localhost:43907/__cypress/runner/cypress_runner.js:144197:19)\n    at onFailFn (http://localhost:43907/__cypress/runner/cypress_runner.js:132448:16)\n    at tryCatcher (http://localhost:43907/__cypress/runner/cypress_runner.js:167415:23)\n    at Promise._settlePromiseFromHandler (http://localhost:43907/__cypress/runner/cypress_runner.js:165351:31)\n    at Promise._settlePromise (http://localhost:43907/__cypress/runner/cypress_runner.js:165408:18)\n    at Promise._settlePromise0 (http://localhost:43907/__cypress/runner/cypress_runner.js:165453:10)\n    at Promise._settlePromises (http://localhost:43907/__cypress/runner/cypress_runner.js:165528:18)\n    at Async../node_modules/bluebird/js/release/async.js.Async._drainQueue (http://localhost:43907/__cypress/runner/cypress_runner.js:162140:16)\n    at Async../node_modules/bluebird/js/release/async.js.Async._drainQueues (http://localhost:43907/__cypress/runner/cypress_runner.js:162150:10)\n    at Async.drainQueues (http://localhost:43907/__cypress/runner/cypress_runner.js:162024:14)",
                "diff": null
              },
              "uuid": "7ba19405-8a0e-4faa-8863-c51c2eb065b6",
              "parentUUID": "ef457abd-1dff-4c2a-a2f6-0b2e5133c8b8",
              "isHook": false,
              "skipped": false
            },
            {
              "title": "Verifica se somente o pixel que foi clicado foi preenchido com a cor selecionada, sem influenciar na cor dos demais pixels.",
              "fullTitle": "8 - Clicar em um pixel dentro do quadro após selecionar uma cor na paleta, faz com que o pixel seja preenchido com a cor selecionada. Verifica se somente o pixel que foi clicado foi preenchido com a cor selecionada, sem influenciar na cor dos demais pixels.",
              "timedOut": null,
              "duration": 1286,
              "state": "passed",
              "speed": "slow",
              "pass": true,
              "fail": false,
              "pending": false,
              "context": null,
              "code": "var colorToPixelIndexMap = {\n  0: 6,\n  1: 8,\n  2: 16,\n  3: 18\n};\ncy.get('.color').each(function (color, index) {\n  cy.wrap(color).click();\n  var backgroundColor = color.css('background-color');\n  var clickedPixelIndex = colorToPixelIndexMap[index];\n  cy.get('.pixel').eq(clickedPixelIndex).click();\n  cy.get('.pixel').eq(clickedPixelIndex - 1).should('not.have.css', 'background-color', backgroundColor);\n  cy.get('.pixel').eq(clickedPixelIndex + 1).should('not.have.css', 'background-color', backgroundColor);\n  cy.get('.pixel').eq(clickedPixelIndex - 5).should('not.have.css', 'background-color', backgroundColor);\n  cy.get('.pixel').eq(clickedPixelIndex + 5).should('not.have.css', 'background-color', backgroundColor);\n  cy.get('.pixel').eq(clickedPixelIndex - 6).should('not.have.css', 'background-color', backgroundColor);\n  cy.get('.pixel').eq(clickedPixelIndex - 4).should('not.have.css', 'background-color', backgroundColor);\n  cy.get('.pixel').eq(clickedPixelIndex + 4).should('not.have.css', 'background-color', backgroundColor);\n  cy.get('.pixel').eq(clickedPixelIndex + 6).should('not.have.css', 'background-color', backgroundColor);\n});",
              "err": {},
              "uuid": "500a078e-9a82-4a12-a289-53e6de303b83",
              "parentUUID": "ef457abd-1dff-4c2a-a2f6-0b2e5133c8b8",
              "isHook": false,
              "skipped": false
            }
          ],
          "suites": [],
          "passes": [
            "500a078e-9a82-4a12-a289-53e6de303b83"
          ],
          "failures": [
            "7d896013-697a-4005-b76c-dbc47ae13373",
            "7ba19405-8a0e-4faa-8863-c51c2eb065b6"
          ],
          "pending": [],
          "skipped": [],
          "duration": 10104,
          "root": false,
          "rootEmpty": false,
          "_timeout": 2000
        },
        {
          "uuid": "9e11b515-a0de-45a5-8200-1a5f43e3d7f1",
          "title": "9 - Crie um botão que, ao ser clicado, limpa o quadro preenchendo a cor de todos seus pixels com branco.",
          "fullFile": "",
          "file": "",
          "beforeHooks": [],
          "afterHooks": [],
          "tests": [
            {
              "title": "Verifica se o botão tem o `id` denominado `clear-board`",
              "fullTitle": "9 - Crie um botão que, ao ser clicado, limpa o quadro preenchendo a cor de todos seus pixels com branco. Verifica se o botão tem o `id` denominado `clear-board`",
              "timedOut": null,
              "duration": 4293,
              "state": "failed",
              "speed": null,
              "pass": false,
              "fail": true,
              "pending": false,
              "context": null,
              "code": "cy.get('#clear-board').should('be.visible');",
              "err": {
                "message": "CypressError: Timed out retrying: Expected to find element: '#clear-board', but never found it.",
                "estack": "CypressError: Timed out retrying: Expected to find element: '#clear-board', but never found it.\n    at cypressErr (http://localhost:43907/__cypress/runner/cypress_runner.js:149934:9)\n    at throwErr (http://localhost:43907/__cypress/runner/cypress_runner.js:149867:11)\n    at Object.throwErrByPath (http://localhost:43907/__cypress/runner/cypress_runner.js:149915:3)\n    at retry (http://localhost:43907/__cypress/runner/cypress_runner.js:144197:19)\n    at onFailFn (http://localhost:43907/__cypress/runner/cypress_runner.js:132448:16)\n    at tryCatcher (http://localhost:43907/__cypress/runner/cypress_runner.js:167415:23)\n    at Promise._settlePromiseFromHandler (http://localhost:43907/__cypress/runner/cypress_runner.js:165351:31)\n    at Promise._settlePromise (http://localhost:43907/__cypress/runner/cypress_runner.js:165408:18)\n    at Promise._settlePromise0 (http://localhost:43907/__cypress/runner/cypress_runner.js:165453:10)\n    at Promise._settlePromises (http://localhost:43907/__cypress/runner/cypress_runner.js:165528:18)\n    at Async../node_modules/bluebird/js/release/async.js.Async._drainQueue (http://localhost:43907/__cypress/runner/cypress_runner.js:162140:16)\n    at Async../node_modules/bluebird/js/release/async.js.Async._drainQueues (http://localhost:43907/__cypress/runner/cypress_runner.js:162150:10)\n    at Async.drainQueues (http://localhost:43907/__cypress/runner/cypress_runner.js:162024:14)",
                "diff": null
              },
              "uuid": "5c4a24e2-4bdd-44f0-bf98-afb9151aa0f0",
              "parentUUID": "9e11b515-a0de-45a5-8200-1a5f43e3d7f1",
              "isHook": false,
              "skipped": false
            },
            {
              "title": "Verifica se o botão está posicionado entre a paleta de cores e o quadro de pixels",
              "fullTitle": "9 - Crie um botão que, ao ser clicado, limpa o quadro preenchendo a cor de todos seus pixels com branco. Verifica se o botão está posicionado entre a paleta de cores e o quadro de pixels",
              "timedOut": null,
              "duration": 4282,
              "state": "failed",
              "speed": null,
              "pass": false,
              "fail": true,
              "pending": false,
              "context": null,
              "code": "cy.get('#color-palette').then(function (palette) {\n  cy.get('#clear-board').should('be.belowOf', palette);\n});\ncy.get('#clear-board').then(function (clearBtn) {\n  cy.get('#pixel-board').should('be.belowOf', clearBtn);\n});",
              "err": {
                "message": "CypressError: Timed out retrying: Expected to find element: '#clear-board', but never found it.",
                "estack": "CypressError: Timed out retrying: Expected to find element: '#clear-board', but never found it.\n    at cypressErr (http://localhost:43907/__cypress/runner/cypress_runner.js:149934:9)\n    at throwErr (http://localhost:43907/__cypress/runner/cypress_runner.js:149867:11)\n    at Object.throwErrByPath (http://localhost:43907/__cypress/runner/cypress_runner.js:149915:3)\n    at retry (http://localhost:43907/__cypress/runner/cypress_runner.js:144197:19)\n    at onFailFn (http://localhost:43907/__cypress/runner/cypress_runner.js:132448:16)\n    at tryCatcher (http://localhost:43907/__cypress/runner/cypress_runner.js:167415:23)\n    at Promise._settlePromiseFromHandler (http://localhost:43907/__cypress/runner/cypress_runner.js:165351:31)\n    at Promise._settlePromise (http://localhost:43907/__cypress/runner/cypress_runner.js:165408:18)\n    at Promise._settlePromise0 (http://localhost:43907/__cypress/runner/cypress_runner.js:165453:10)\n    at Promise._settlePromises (http://localhost:43907/__cypress/runner/cypress_runner.js:165528:18)\n    at Async../node_modules/bluebird/js/release/async.js.Async._drainQueue (http://localhost:43907/__cypress/runner/cypress_runner.js:162140:16)\n    at Async../node_modules/bluebird/js/release/async.js.Async._drainQueues (http://localhost:43907/__cypress/runner/cypress_runner.js:162150:10)\n    at Async.drainQueues (http://localhost:43907/__cypress/runner/cypress_runner.js:162024:14)",
                "diff": null
              },
              "uuid": "16370cf6-6654-4e68-a9f7-f2c361936321",
              "parentUUID": "9e11b515-a0de-45a5-8200-1a5f43e3d7f1",
              "isHook": false,
              "skipped": false
            },
            {
              "title": "Verifica se o texto do botão é 'Limpar'",
              "fullTitle": "9 - Crie um botão que, ao ser clicado, limpa o quadro preenchendo a cor de todos seus pixels com branco. Verifica se o texto do botão é 'Limpar'",
              "timedOut": null,
              "duration": 4275,
              "state": "failed",
              "speed": null,
              "pass": false,
              "fail": true,
              "pending": false,
              "context": null,
              "code": "cy.get('#clear-board').should('contain.text', 'Limpar');",
              "err": {
                "message": "CypressError: Timed out retrying: Expected to find element: '#clear-board', but never found it.",
                "estack": "CypressError: Timed out retrying: Expected to find element: '#clear-board', but never found it.\n    at cypressErr (http://localhost:43907/__cypress/runner/cypress_runner.js:149934:9)\n    at throwErr (http://localhost:43907/__cypress/runner/cypress_runner.js:149867:11)\n    at Object.throwErrByPath (http://localhost:43907/__cypress/runner/cypress_runner.js:149915:3)\n    at retry (http://localhost:43907/__cypress/runner/cypress_runner.js:144197:19)\n    at onFailFn (http://localhost:43907/__cypress/runner/cypress_runner.js:132448:16)\n    at tryCatcher (http://localhost:43907/__cypress/runner/cypress_runner.js:167415:23)\n    at Promise._settlePromiseFromHandler (http://localhost:43907/__cypress/runner/cypress_runner.js:165351:31)\n    at Promise._settlePromise (http://localhost:43907/__cypress/runner/cypress_runner.js:165408:18)\n    at Promise._settlePromise0 (http://localhost:43907/__cypress/runner/cypress_runner.js:165453:10)\n    at Promise._settlePromises (http://localhost:43907/__cypress/runner/cypress_runner.js:165528:18)\n    at Async../node_modules/bluebird/js/release/async.js.Async._drainQueue (http://localhost:43907/__cypress/runner/cypress_runner.js:162140:16)\n    at Async../node_modules/bluebird/js/release/async.js.Async._drainQueues (http://localhost:43907/__cypress/runner/cypress_runner.js:162150:10)\n    at Async.drainQueues (http://localhost:43907/__cypress/runner/cypress_runner.js:162024:14)",
                "diff": null
              },
              "uuid": "d3c9a16e-ac2c-41fc-9cf2-6f1fe5b63473",
              "parentUUID": "9e11b515-a0de-45a5-8200-1a5f43e3d7f1",
              "isHook": false,
              "skipped": false
            },
            {
              "title": "Verifica se ao clicar no botão, o quadro de pixels é totalmente preenchido de branco",
              "fullTitle": "9 - Crie um botão que, ao ser clicado, limpa o quadro preenchendo a cor de todos seus pixels com branco. Verifica se ao clicar no botão, o quadro de pixels é totalmente preenchido de branco",
              "timedOut": null,
              "duration": 4428,
              "state": "failed",
              "speed": null,
              "pass": false,
              "fail": true,
              "pending": false,
              "context": null,
              "code": "cy.get('.color').eq(1).then(function (color) {\n  var backgroundColor = color.css('background-color');\n  cy.wrap(color).click();\n  cy.get('.pixel').each(function (pixel) {\n    cy.wrap(pixel).click().should('have.css', 'background-color', backgroundColor);\n  });\n});\ncy.get('#clear-board').click();\ncy.get('.pixel').each(function (pixel) {\n  cy.wrap(pixel).should('have.css', 'background-color', WHITE);\n});",
              "err": {
                "message": "CypressError: Timed out retrying: expected '<div.pixel>' to have CSS property 'background-color' with the value 'rgb(0, 255, 255)', but the value was 'rgb(255, 255, 255)'",
                "estack": "CypressError: Timed out retrying: expected '<div.pixel>' to have CSS property 'background-color' with the value 'rgb(0, 255, 255)', but the value was 'rgb(255, 255, 255)'\n    at cypressErr (http://localhost:43907/__cypress/runner/cypress_runner.js:149934:9)\n    at throwErr (http://localhost:43907/__cypress/runner/cypress_runner.js:149867:11)\n    at Object.throwErrByPath (http://localhost:43907/__cypress/runner/cypress_runner.js:149915:3)\n    at retry (http://localhost:43907/__cypress/runner/cypress_runner.js:144197:19)\n    at onFailFn (http://localhost:43907/__cypress/runner/cypress_runner.js:132448:16)\n    at tryCatcher (http://localhost:43907/__cypress/runner/cypress_runner.js:167415:23)\n    at Promise._settlePromiseFromHandler (http://localhost:43907/__cypress/runner/cypress_runner.js:165351:31)\n    at Promise._settlePromise (http://localhost:43907/__cypress/runner/cypress_runner.js:165408:18)\n    at Promise._settlePromise0 (http://localhost:43907/__cypress/runner/cypress_runner.js:165453:10)\n    at Promise._settlePromises (http://localhost:43907/__cypress/runner/cypress_runner.js:165528:18)\n    at Async../node_modules/bluebird/js/release/async.js.Async._drainQueue (http://localhost:43907/__cypress/runner/cypress_runner.js:162140:16)\n    at Async../node_modules/bluebird/js/release/async.js.Async._drainQueues (http://localhost:43907/__cypress/runner/cypress_runner.js:162150:10)\n    at Async.drainQueues (http://localhost:43907/__cypress/runner/cypress_runner.js:162024:14)",
                "diff": null
              },
              "uuid": "daa6702c-563a-4fbe-b7e9-9bd9c2b6f6d3",
              "parentUUID": "9e11b515-a0de-45a5-8200-1a5f43e3d7f1",
              "isHook": false,
              "skipped": false
            }
          ],
          "suites": [],
          "passes": [],
          "failures": [
            "5c4a24e2-4bdd-44f0-bf98-afb9151aa0f0",
            "16370cf6-6654-4e68-a9f7-f2c361936321",
            "d3c9a16e-ac2c-41fc-9cf2-6f1fe5b63473",
            "daa6702c-563a-4fbe-b7e9-9bd9c2b6f6d3"
          ],
          "pending": [],
          "skipped": [],
          "duration": 17278,
          "root": false,
          "rootEmpty": false,
          "_timeout": 2000
        },
        {
          "uuid": "efc97ae0-5ebb-4488-b46b-6acc36d4fcd8",
          "title": "10 - Faça o quadro de pixels ter seu tamanho definido pelo usuário.",
          "fullFile": "",
          "file": "",
          "beforeHooks": [],
          "afterHooks": [],
          "tests": [
            {
              "title": "Verifica se existe um input com o id `board-size`",
              "fullTitle": "10 - Faça o quadro de pixels ter seu tamanho definido pelo usuário. Verifica se existe um input com o id `board-size`",
              "timedOut": null,
              "duration": 4323,
              "state": "failed",
              "speed": null,
              "pass": false,
              "fail": true,
              "pending": false,
              "context": null,
              "code": "cy.get('#board-size').should('be.visible');",
              "err": {
                "message": "CypressError: Timed out retrying: Expected to find element: '#board-size', but never found it.",
                "estack": "CypressError: Timed out retrying: Expected to find element: '#board-size', but never found it.\n    at cypressErr (http://localhost:43907/__cypress/runner/cypress_runner.js:149934:9)\n    at throwErr (http://localhost:43907/__cypress/runner/cypress_runner.js:149867:11)\n    at Object.throwErrByPath (http://localhost:43907/__cypress/runner/cypress_runner.js:149915:3)\n    at retry (http://localhost:43907/__cypress/runner/cypress_runner.js:144197:19)\n    at onFailFn (http://localhost:43907/__cypress/runner/cypress_runner.js:132448:16)\n    at tryCatcher (http://localhost:43907/__cypress/runner/cypress_runner.js:167415:23)\n    at Promise._settlePromiseFromHandler (http://localhost:43907/__cypress/runner/cypress_runner.js:165351:31)\n    at Promise._settlePromise (http://localhost:43907/__cypress/runner/cypress_runner.js:165408:18)\n    at Promise._settlePromise0 (http://localhost:43907/__cypress/runner/cypress_runner.js:165453:10)\n    at Promise._settlePromises (http://localhost:43907/__cypress/runner/cypress_runner.js:165528:18)\n    at Async../node_modules/bluebird/js/release/async.js.Async._drainQueue (http://localhost:43907/__cypress/runner/cypress_runner.js:162140:16)\n    at Async../node_modules/bluebird/js/release/async.js.Async._drainQueues (http://localhost:43907/__cypress/runner/cypress_runner.js:162150:10)\n    at Async.drainQueues (http://localhost:43907/__cypress/runner/cypress_runner.js:162024:14)",
                "diff": null
              },
              "uuid": "63082aea-2282-477a-8503-24ededd5c22c",
              "parentUUID": "efc97ae0-5ebb-4488-b46b-6acc36d4fcd8",
              "isHook": false,
              "skipped": false
            },
            {
              "title": "Verifica se existe um botão com o id `generate-board`",
              "fullTitle": "10 - Faça o quadro de pixels ter seu tamanho definido pelo usuário. Verifica se existe um botão com o id `generate-board`",
              "timedOut": null,
              "duration": 4308,
              "state": "failed",
              "speed": null,
              "pass": false,
              "fail": true,
              "pending": false,
              "context": null,
              "code": "cy.get('#generate-board').should('be.visible');",
              "err": {
                "message": "CypressError: Timed out retrying: Expected to find element: '#generate-board', but never found it.",
                "estack": "CypressError: Timed out retrying: Expected to find element: '#generate-board', but never found it.\n    at cypressErr (http://localhost:43907/__cypress/runner/cypress_runner.js:149934:9)\n    at throwErr (http://localhost:43907/__cypress/runner/cypress_runner.js:149867:11)\n    at Object.throwErrByPath (http://localhost:43907/__cypress/runner/cypress_runner.js:149915:3)\n    at retry (http://localhost:43907/__cypress/runner/cypress_runner.js:144197:19)\n    at onFailFn (http://localhost:43907/__cypress/runner/cypress_runner.js:132448:16)\n    at tryCatcher (http://localhost:43907/__cypress/runner/cypress_runner.js:167415:23)\n    at Promise._settlePromiseFromHandler (http://localhost:43907/__cypress/runner/cypress_runner.js:165351:31)\n    at Promise._settlePromise (http://localhost:43907/__cypress/runner/cypress_runner.js:165408:18)\n    at Promise._settlePromise0 (http://localhost:43907/__cypress/runner/cypress_runner.js:165453:10)\n    at Promise._settlePromises (http://localhost:43907/__cypress/runner/cypress_runner.js:165528:18)\n    at Async../node_modules/bluebird/js/release/async.js.Async._drainQueue (http://localhost:43907/__cypress/runner/cypress_runner.js:162140:16)\n    at Async../node_modules/bluebird/js/release/async.js.Async._drainQueues (http://localhost:43907/__cypress/runner/cypress_runner.js:162150:10)\n    at Async.drainQueues (http://localhost:43907/__cypress/runner/cypress_runner.js:162024:14)",
                "diff": null
              },
              "uuid": "a1182764-d527-42c0-be5b-75924f8f8735",
              "parentUUID": "efc97ae0-5ebb-4488-b46b-6acc36d4fcd8",
              "isHook": false,
              "skipped": false
            },
            {
              "title": "Verifica se o input só aceita número maiores que zero. Essa restrição deve ser feita usando os atributos do elemento `input`",
              "fullTitle": "10 - Faça o quadro de pixels ter seu tamanho definido pelo usuário. Verifica se o input só aceita número maiores que zero. Essa restrição deve ser feita usando os atributos do elemento `input`",
              "timedOut": null,
              "duration": 4285,
              "state": "failed",
              "speed": null,
              "pass": false,
              "fail": true,
              "pending": false,
              "context": null,
              "code": "cy.get('#board-size[type=\\'number\\'][min=\\'1\\']');",
              "err": {
                "message": "CypressError: Timed out retrying: Expected to find element: '#board-size[type='number'][min='1']', but never found it.",
                "estack": "CypressError: Timed out retrying: Expected to find element: '#board-size[type='number'][min='1']', but never found it.\n    at cypressErr (http://localhost:43907/__cypress/runner/cypress_runner.js:149934:9)\n    at throwErr (http://localhost:43907/__cypress/runner/cypress_runner.js:149867:11)\n    at Object.throwErrByPath (http://localhost:43907/__cypress/runner/cypress_runner.js:149915:3)\n    at retry (http://localhost:43907/__cypress/runner/cypress_runner.js:144197:19)\n    at onFailFn (http://localhost:43907/__cypress/runner/cypress_runner.js:132448:16)\n    at tryCatcher (http://localhost:43907/__cypress/runner/cypress_runner.js:167415:23)\n    at Promise._settlePromiseFromHandler (http://localhost:43907/__cypress/runner/cypress_runner.js:165351:31)\n    at Promise._settlePromise (http://localhost:43907/__cypress/runner/cypress_runner.js:165408:18)\n    at Promise._settlePromise0 (http://localhost:43907/__cypress/runner/cypress_runner.js:165453:10)\n    at Promise._settlePromises (http://localhost:43907/__cypress/runner/cypress_runner.js:165528:18)\n    at Async../node_modules/bluebird/js/release/async.js.Async._drainQueue (http://localhost:43907/__cypress/runner/cypress_runner.js:162140:16)\n    at Async../node_modules/bluebird/js/release/async.js.Async._drainQueues (http://localhost:43907/__cypress/runner/cypress_runner.js:162150:10)\n    at Async.drainQueues (http://localhost:43907/__cypress/runner/cypress_runner.js:162024:14)",
                "diff": null
              },
              "uuid": "18219b64-5ac7-4e9c-a63e-1849c42942e1",
              "parentUUID": "efc97ae0-5ebb-4488-b46b-6acc36d4fcd8",
              "isHook": false,
              "skipped": false
            },
            {
              "title": "Verifica se o botão contém o texto 'VQV'",
              "fullTitle": "10 - Faça o quadro de pixels ter seu tamanho definido pelo usuário. Verifica se o botão contém o texto 'VQV'",
              "timedOut": null,
              "duration": 4318,
              "state": "failed",
              "speed": null,
              "pass": false,
              "fail": true,
              "pending": false,
              "context": null,
              "code": "cy.get('#generate-board').contains(/vqv/i);",
              "err": {
                "message": "CypressError: Timed out retrying: Expected to find element: '#generate-board', but never found it.",
                "estack": "CypressError: Timed out retrying: Expected to find element: '#generate-board', but never found it.\n    at cypressErr (http://localhost:43907/__cypress/runner/cypress_runner.js:149934:9)\n    at throwErr (http://localhost:43907/__cypress/runner/cypress_runner.js:149867:11)\n    at Object.throwErrByPath (http://localhost:43907/__cypress/runner/cypress_runner.js:149915:3)\n    at retry (http://localhost:43907/__cypress/runner/cypress_runner.js:144197:19)\n    at onFailFn (http://localhost:43907/__cypress/runner/cypress_runner.js:132448:16)\n    at tryCatcher (http://localhost:43907/__cypress/runner/cypress_runner.js:167415:23)\n    at Promise._settlePromiseFromHandler (http://localhost:43907/__cypress/runner/cypress_runner.js:165351:31)\n    at Promise._settlePromise (http://localhost:43907/__cypress/runner/cypress_runner.js:165408:18)\n    at Promise._settlePromise0 (http://localhost:43907/__cypress/runner/cypress_runner.js:165453:10)\n    at Promise._settlePromises (http://localhost:43907/__cypress/runner/cypress_runner.js:165528:18)\n    at Async../node_modules/bluebird/js/release/async.js.Async._drainQueue (http://localhost:43907/__cypress/runner/cypress_runner.js:162140:16)\n    at Async../node_modules/bluebird/js/release/async.js.Async._drainQueues (http://localhost:43907/__cypress/runner/cypress_runner.js:162150:10)\n    at Async.drainQueues (http://localhost:43907/__cypress/runner/cypress_runner.js:162024:14)",
                "diff": null
              },
              "uuid": "2318fcfd-7055-4226-8c41-1224227700d4",
              "parentUUID": "efc97ae0-5ebb-4488-b46b-6acc36d4fcd8",
              "isHook": false,
              "skipped": false
            },
            {
              "title": "Verifica se o input está posicionado entre a paleta de cores e o quadro de pixels",
              "fullTitle": "10 - Faça o quadro de pixels ter seu tamanho definido pelo usuário. Verifica se o input está posicionado entre a paleta de cores e o quadro de pixels",
              "timedOut": null,
              "duration": 4300,
              "state": "failed",
              "speed": null,
              "pass": false,
              "fail": true,
              "pending": false,
              "context": null,
              "code": "cy.get('#color-palette').then(function (palette) {\n  cy.get('#board-size').should('be.belowOf', palette);\n});\ncy.get('#board-size').then(function (palette) {\n  cy.get('#pixel-board').should('be.belowOf', palette);\n});",
              "err": {
                "message": "CypressError: Timed out retrying: Expected to find element: '#board-size', but never found it.",
                "estack": "CypressError: Timed out retrying: Expected to find element: '#board-size', but never found it.\n    at cypressErr (http://localhost:43907/__cypress/runner/cypress_runner.js:149934:9)\n    at throwErr (http://localhost:43907/__cypress/runner/cypress_runner.js:149867:11)\n    at Object.throwErrByPath (http://localhost:43907/__cypress/runner/cypress_runner.js:149915:3)\n    at retry (http://localhost:43907/__cypress/runner/cypress_runner.js:144197:19)\n    at onFailFn (http://localhost:43907/__cypress/runner/cypress_runner.js:132448:16)\n    at tryCatcher (http://localhost:43907/__cypress/runner/cypress_runner.js:167415:23)\n    at Promise._settlePromiseFromHandler (http://localhost:43907/__cypress/runner/cypress_runner.js:165351:31)\n    at Promise._settlePromise (http://localhost:43907/__cypress/runner/cypress_runner.js:165408:18)\n    at Promise._settlePromise0 (http://localhost:43907/__cypress/runner/cypress_runner.js:165453:10)\n    at Promise._settlePromises (http://localhost:43907/__cypress/runner/cypress_runner.js:165528:18)\n    at Async../node_modules/bluebird/js/release/async.js.Async._drainQueue (http://localhost:43907/__cypress/runner/cypress_runner.js:162140:16)\n    at Async../node_modules/bluebird/js/release/async.js.Async._drainQueues (http://localhost:43907/__cypress/runner/cypress_runner.js:162150:10)\n    at Async.drainQueues (http://localhost:43907/__cypress/runner/cypress_runner.js:162024:14)",
                "diff": null
              },
              "uuid": "ea4feda5-2fb0-4013-b032-1b1fa5b2dc95",
              "parentUUID": "efc97ae0-5ebb-4488-b46b-6acc36d4fcd8",
              "isHook": false,
              "skipped": false
            },
            {
              "title": "Verifica se o botão está posicionado ao lado do input",
              "fullTitle": "10 - Faça o quadro de pixels ter seu tamanho definido pelo usuário. Verifica se o botão está posicionado ao lado do input",
              "timedOut": null,
              "duration": 4313,
              "state": "failed",
              "speed": null,
              "pass": false,
              "fail": true,
              "pending": false,
              "context": null,
              "code": "cy.get('#board-size').then(function (board) {\n  cy.get('#generate-board').should('be.onTheRightOf', board);\n});",
              "err": {
                "message": "CypressError: Timed out retrying: Expected to find element: '#board-size', but never found it.",
                "estack": "CypressError: Timed out retrying: Expected to find element: '#board-size', but never found it.\n    at cypressErr (http://localhost:43907/__cypress/runner/cypress_runner.js:149934:9)\n    at throwErr (http://localhost:43907/__cypress/runner/cypress_runner.js:149867:11)\n    at Object.throwErrByPath (http://localhost:43907/__cypress/runner/cypress_runner.js:149915:3)\n    at retry (http://localhost:43907/__cypress/runner/cypress_runner.js:144197:19)\n    at onFailFn (http://localhost:43907/__cypress/runner/cypress_runner.js:132448:16)\n    at tryCatcher (http://localhost:43907/__cypress/runner/cypress_runner.js:167415:23)\n    at Promise._settlePromiseFromHandler (http://localhost:43907/__cypress/runner/cypress_runner.js:165351:31)\n    at Promise._settlePromise (http://localhost:43907/__cypress/runner/cypress_runner.js:165408:18)\n    at Promise._settlePromise0 (http://localhost:43907/__cypress/runner/cypress_runner.js:165453:10)\n    at Promise._settlePromises (http://localhost:43907/__cypress/runner/cypress_runner.js:165528:18)\n    at Async../node_modules/bluebird/js/release/async.js.Async._drainQueue (http://localhost:43907/__cypress/runner/cypress_runner.js:162140:16)\n    at Async../node_modules/bluebird/js/release/async.js.Async._drainQueues (http://localhost:43907/__cypress/runner/cypress_runner.js:162150:10)\n    at Async.drainQueues (http://localhost:43907/__cypress/runner/cypress_runner.js:162024:14)",
                "diff": null
              },
              "uuid": "19133f70-6151-4628-a419-7885aaf14d7e",
              "parentUUID": "efc97ae0-5ebb-4488-b46b-6acc36d4fcd8",
              "isHook": false,
              "skipped": false
            },
            {
              "title": "Verifica se nenhum valor for colocado no input ao clicar no botão, um `alert` é exibido com o texto: 'Board inválido!'",
              "fullTitle": "10 - Faça o quadro de pixels ter seu tamanho definido pelo usuário. Verifica se nenhum valor for colocado no input ao clicar no botão, um `alert` é exibido com o texto: 'Board inválido!'",
              "timedOut": null,
              "duration": 4304,
              "state": "failed",
              "speed": null,
              "pass": false,
              "fail": true,
              "pending": false,
              "context": null,
              "code": "var alerted = false;\ncy.on('window:alert', function (msg) {\n  return alerted = msg;\n});\ncy.get('#generate-board').click().then(function () {\n  return expect(alerted).to.match(/Board inválido!/i);\n});",
              "err": {
                "message": "CypressError: Timed out retrying: Expected to find element: '#generate-board', but never found it.",
                "estack": "CypressError: Timed out retrying: Expected to find element: '#generate-board', but never found it.\n    at cypressErr (http://localhost:43907/__cypress/runner/cypress_runner.js:149934:9)\n    at throwErr (http://localhost:43907/__cypress/runner/cypress_runner.js:149867:11)\n    at Object.throwErrByPath (http://localhost:43907/__cypress/runner/cypress_runner.js:149915:3)\n    at retry (http://localhost:43907/__cypress/runner/cypress_runner.js:144197:19)\n    at onFailFn (http://localhost:43907/__cypress/runner/cypress_runner.js:132448:16)\n    at tryCatcher (http://localhost:43907/__cypress/runner/cypress_runner.js:167415:23)\n    at Promise._settlePromiseFromHandler (http://localhost:43907/__cypress/runner/cypress_runner.js:165351:31)\n    at Promise._settlePromise (http://localhost:43907/__cypress/runner/cypress_runner.js:165408:18)\n    at Promise._settlePromise0 (http://localhost:43907/__cypress/runner/cypress_runner.js:165453:10)\n    at Promise._settlePromises (http://localhost:43907/__cypress/runner/cypress_runner.js:165528:18)\n    at Async../node_modules/bluebird/js/release/async.js.Async._drainQueue (http://localhost:43907/__cypress/runner/cypress_runner.js:162140:16)\n    at Async../node_modules/bluebird/js/release/async.js.Async._drainQueues (http://localhost:43907/__cypress/runner/cypress_runner.js:162150:10)\n    at Async.drainQueues (http://localhost:43907/__cypress/runner/cypress_runner.js:162024:14)",
                "diff": null
              },
              "uuid": "bf94050b-3afe-4b84-b61d-fcd67d2ddf85",
              "parentUUID": "efc97ae0-5ebb-4488-b46b-6acc36d4fcd8",
              "isHook": false,
              "skipped": false
            },
            {
              "title": "Verifica se ao clicar no botão com um valor preenchido, o tamanho do board muda.",
              "fullTitle": "10 - Faça o quadro de pixels ter seu tamanho definido pelo usuário. Verifica se ao clicar no botão com um valor preenchido, o tamanho do board muda.",
              "timedOut": null,
              "duration": 4295,
              "state": "failed",
              "speed": null,
              "pass": false,
              "fail": true,
              "pending": false,
              "context": null,
              "code": "cy.get('#board-size').clear().type(10);\ncy.get('#generate-board').click();\ncy.get('.pixel').should('have.length', 100);",
              "err": {
                "message": "CypressError: Timed out retrying: Expected to find element: '#board-size', but never found it.",
                "estack": "CypressError: Timed out retrying: Expected to find element: '#board-size', but never found it.\n    at cypressErr (http://localhost:43907/__cypress/runner/cypress_runner.js:149934:9)\n    at throwErr (http://localhost:43907/__cypress/runner/cypress_runner.js:149867:11)\n    at Object.throwErrByPath (http://localhost:43907/__cypress/runner/cypress_runner.js:149915:3)\n    at retry (http://localhost:43907/__cypress/runner/cypress_runner.js:144197:19)\n    at onFailFn (http://localhost:43907/__cypress/runner/cypress_runner.js:132448:16)\n    at tryCatcher (http://localhost:43907/__cypress/runner/cypress_runner.js:167415:23)\n    at Promise._settlePromiseFromHandler (http://localhost:43907/__cypress/runner/cypress_runner.js:165351:31)\n    at Promise._settlePromise (http://localhost:43907/__cypress/runner/cypress_runner.js:165408:18)\n    at Promise._settlePromise0 (http://localhost:43907/__cypress/runner/cypress_runner.js:165453:10)\n    at Promise._settlePromises (http://localhost:43907/__cypress/runner/cypress_runner.js:165528:18)\n    at Async../node_modules/bluebird/js/release/async.js.Async._drainQueue (http://localhost:43907/__cypress/runner/cypress_runner.js:162140:16)\n    at Async../node_modules/bluebird/js/release/async.js.Async._drainQueues (http://localhost:43907/__cypress/runner/cypress_runner.js:162150:10)\n    at Async.drainQueues (http://localhost:43907/__cypress/runner/cypress_runner.js:162024:14)",
                "diff": null
              },
              "uuid": "1a4197f7-761c-4d9e-ad23-0218df9082b5",
              "parentUUID": "efc97ae0-5ebb-4488-b46b-6acc36d4fcd8",
              "isHook": false,
              "skipped": false
            },
            {
              "title": "Verifica se o novo quadro tem todos os pixels preenchidos com a cor branca",
              "fullTitle": "10 - Faça o quadro de pixels ter seu tamanho definido pelo usuário. Verifica se o novo quadro tem todos os pixels preenchidos com a cor branca",
              "timedOut": null,
              "duration": 4303,
              "state": "failed",
              "speed": null,
              "pass": false,
              "fail": true,
              "pending": false,
              "context": null,
              "code": "cy.get('#board-size').clear().type(6);\ncy.get('#generate-board').click();\ncy.get('.pixel').should('have.length', 36).each(function (pixel) {\n  expect(pixel).to.have.css('background-color', WHITE);\n});",
              "err": {
                "message": "CypressError: Timed out retrying: Expected to find element: '#board-size', but never found it.",
                "estack": "CypressError: Timed out retrying: Expected to find element: '#board-size', but never found it.\n    at cypressErr (http://localhost:43907/__cypress/runner/cypress_runner.js:149934:9)\n    at throwErr (http://localhost:43907/__cypress/runner/cypress_runner.js:149867:11)\n    at Object.throwErrByPath (http://localhost:43907/__cypress/runner/cypress_runner.js:149915:3)\n    at retry (http://localhost:43907/__cypress/runner/cypress_runner.js:144197:19)\n    at onFailFn (http://localhost:43907/__cypress/runner/cypress_runner.js:132448:16)\n    at tryCatcher (http://localhost:43907/__cypress/runner/cypress_runner.js:167415:23)\n    at Promise._settlePromiseFromHandler (http://localhost:43907/__cypress/runner/cypress_runner.js:165351:31)\n    at Promise._settlePromise (http://localhost:43907/__cypress/runner/cypress_runner.js:165408:18)\n    at Promise._settlePromise0 (http://localhost:43907/__cypress/runner/cypress_runner.js:165453:10)\n    at Promise._settlePromises (http://localhost:43907/__cypress/runner/cypress_runner.js:165528:18)\n    at Async../node_modules/bluebird/js/release/async.js.Async._drainQueue (http://localhost:43907/__cypress/runner/cypress_runner.js:162140:16)\n    at Async../node_modules/bluebird/js/release/async.js.Async._drainQueues (http://localhost:43907/__cypress/runner/cypress_runner.js:162150:10)\n    at Async.drainQueues (http://localhost:43907/__cypress/runner/cypress_runner.js:162024:14)",
                "diff": null
              },
              "uuid": "ad7d1100-2dd6-4a2b-b929-bc482e62f33e",
              "parentUUID": "efc97ae0-5ebb-4488-b46b-6acc36d4fcd8",
              "isHook": false,
              "skipped": false
            }
          ],
          "suites": [],
          "passes": [],
          "failures": [
            "63082aea-2282-477a-8503-24ededd5c22c",
            "a1182764-d527-42c0-be5b-75924f8f8735",
            "18219b64-5ac7-4e9c-a63e-1849c42942e1",
            "2318fcfd-7055-4226-8c41-1224227700d4",
            "ea4feda5-2fb0-4013-b032-1b1fa5b2dc95",
            "19133f70-6151-4628-a419-7885aaf14d7e",
            "bf94050b-3afe-4b84-b61d-fcd67d2ddf85",
            "1a4197f7-761c-4d9e-ad23-0218df9082b5",
            "ad7d1100-2dd6-4a2b-b929-bc482e62f33e"
          ],
          "pending": [],
          "skipped": [],
          "duration": 38749,
          "root": false,
          "rootEmpty": false,
          "_timeout": 2000
        },
        {
          "uuid": "5820e08c-c01e-419e-8e03-a390fde8e540",
          "title": "11 - Limite o tamanho mínimo e máximo do board.",
          "fullFile": "",
          "file": "",
          "beforeHooks": [],
          "afterHooks": [],
          "tests": [
            {
              "title": "Verifica se a altura máxima do board é 50",
              "fullTitle": "11 - Limite o tamanho mínimo e máximo do board. Verifica se a altura máxima do board é 50",
              "timedOut": null,
              "duration": 4290,
              "state": "failed",
              "speed": null,
              "pass": false,
              "fail": true,
              "pending": false,
              "context": null,
              "code": "cy.get('#board-size').clear().type(50);\ncy.get('#generate-board').click();\ncy.get('.pixel').should('have.length', 2500);",
              "err": {
                "message": "CypressError: Timed out retrying: Expected to find element: '#board-size', but never found it.",
                "estack": "CypressError: Timed out retrying: Expected to find element: '#board-size', but never found it.\n    at cypressErr (http://localhost:43907/__cypress/runner/cypress_runner.js:149934:9)\n    at throwErr (http://localhost:43907/__cypress/runner/cypress_runner.js:149867:11)\n    at Object.throwErrByPath (http://localhost:43907/__cypress/runner/cypress_runner.js:149915:3)\n    at retry (http://localhost:43907/__cypress/runner/cypress_runner.js:144197:19)\n    at onFailFn (http://localhost:43907/__cypress/runner/cypress_runner.js:132448:16)\n    at tryCatcher (http://localhost:43907/__cypress/runner/cypress_runner.js:167415:23)\n    at Promise._settlePromiseFromHandler (http://localhost:43907/__cypress/runner/cypress_runner.js:165351:31)\n    at Promise._settlePromise (http://localhost:43907/__cypress/runner/cypress_runner.js:165408:18)\n    at Promise._settlePromise0 (http://localhost:43907/__cypress/runner/cypress_runner.js:165453:10)\n    at Promise._settlePromises (http://localhost:43907/__cypress/runner/cypress_runner.js:165528:18)\n    at Async../node_modules/bluebird/js/release/async.js.Async._drainQueue (http://localhost:43907/__cypress/runner/cypress_runner.js:162140:16)\n    at Async../node_modules/bluebird/js/release/async.js.Async._drainQueues (http://localhost:43907/__cypress/runner/cypress_runner.js:162150:10)\n    at Async.drainQueues (http://localhost:43907/__cypress/runner/cypress_runner.js:162024:14)",
                "diff": null
              },
              "uuid": "9cdb9e4a-ef23-4c8b-a227-75dfceeaec41",
              "parentUUID": "5820e08c-c01e-419e-8e03-a390fde8e540",
              "isHook": false,
              "skipped": false
            },
            {
              "title": "Verifica se a altura do board é 5 quando um valor menor é colocado no input",
              "fullTitle": "11 - Limite o tamanho mínimo e máximo do board. Verifica se a altura do board é 5 quando um valor menor é colocado no input",
              "timedOut": null,
              "duration": 4301,
              "state": "failed",
              "speed": null,
              "pass": false,
              "fail": true,
              "pending": false,
              "context": null,
              "code": "cy.get('#board-size').clear().type(4);\ncy.get('#generate-board').click();\ncy.get('.pixel').should('have.length', 25);",
              "err": {
                "message": "CypressError: Timed out retrying: Expected to find element: '#board-size', but never found it.",
                "estack": "CypressError: Timed out retrying: Expected to find element: '#board-size', but never found it.\n    at cypressErr (http://localhost:43907/__cypress/runner/cypress_runner.js:149934:9)\n    at throwErr (http://localhost:43907/__cypress/runner/cypress_runner.js:149867:11)\n    at Object.throwErrByPath (http://localhost:43907/__cypress/runner/cypress_runner.js:149915:3)\n    at retry (http://localhost:43907/__cypress/runner/cypress_runner.js:144197:19)\n    at onFailFn (http://localhost:43907/__cypress/runner/cypress_runner.js:132448:16)\n    at tryCatcher (http://localhost:43907/__cypress/runner/cypress_runner.js:167415:23)\n    at Promise._settlePromiseFromHandler (http://localhost:43907/__cypress/runner/cypress_runner.js:165351:31)\n    at Promise._settlePromise (http://localhost:43907/__cypress/runner/cypress_runner.js:165408:18)\n    at Promise._settlePromise0 (http://localhost:43907/__cypress/runner/cypress_runner.js:165453:10)\n    at Promise._settlePromises (http://localhost:43907/__cypress/runner/cypress_runner.js:165528:18)\n    at Async../node_modules/bluebird/js/release/async.js.Async._drainQueue (http://localhost:43907/__cypress/runner/cypress_runner.js:162140:16)\n    at Async../node_modules/bluebird/js/release/async.js.Async._drainQueues (http://localhost:43907/__cypress/runner/cypress_runner.js:162150:10)\n    at Async.drainQueues (http://localhost:43907/__cypress/runner/cypress_runner.js:162024:14)",
                "diff": null
              },
              "uuid": "3fb09082-4f06-4825-89fb-32cb950865c8",
              "parentUUID": "5820e08c-c01e-419e-8e03-a390fde8e540",
              "isHook": false,
              "skipped": false
            },
            {
              "title": "Verifica se a altura do board é 50 quando um valor maior é colocado no input",
              "fullTitle": "11 - Limite o tamanho mínimo e máximo do board. Verifica se a altura do board é 50 quando um valor maior é colocado no input",
              "timedOut": null,
              "duration": 4283,
              "state": "failed",
              "speed": null,
              "pass": false,
              "fail": true,
              "pending": false,
              "context": null,
              "code": "cy.get('#board-size').clear().type(51);\ncy.get('#generate-board').click();\ncy.get('.pixel').should('have.length', 2500);",
              "err": {
                "message": "CypressError: Timed out retrying: Expected to find element: '#board-size', but never found it.",
                "estack": "CypressError: Timed out retrying: Expected to find element: '#board-size', but never found it.\n    at cypressErr (http://localhost:43907/__cypress/runner/cypress_runner.js:149934:9)\n    at throwErr (http://localhost:43907/__cypress/runner/cypress_runner.js:149867:11)\n    at Object.throwErrByPath (http://localhost:43907/__cypress/runner/cypress_runner.js:149915:3)\n    at retry (http://localhost:43907/__cypress/runner/cypress_runner.js:144197:19)\n    at onFailFn (http://localhost:43907/__cypress/runner/cypress_runner.js:132448:16)\n    at tryCatcher (http://localhost:43907/__cypress/runner/cypress_runner.js:167415:23)\n    at Promise._settlePromiseFromHandler (http://localhost:43907/__cypress/runner/cypress_runner.js:165351:31)\n    at Promise._settlePromise (http://localhost:43907/__cypress/runner/cypress_runner.js:165408:18)\n    at Promise._settlePromise0 (http://localhost:43907/__cypress/runner/cypress_runner.js:165453:10)\n    at Promise._settlePromises (http://localhost:43907/__cypress/runner/cypress_runner.js:165528:18)\n    at Async../node_modules/bluebird/js/release/async.js.Async._drainQueue (http://localhost:43907/__cypress/runner/cypress_runner.js:162140:16)\n    at Async../node_modules/bluebird/js/release/async.js.Async._drainQueues (http://localhost:43907/__cypress/runner/cypress_runner.js:162150:10)\n    at Async.drainQueues (http://localhost:43907/__cypress/runner/cypress_runner.js:162024:14)",
                "diff": null
              },
              "uuid": "6e9932e6-3f6d-47d4-97ca-9531cd339167",
              "parentUUID": "5820e08c-c01e-419e-8e03-a390fde8e540",
              "isHook": false,
              "skipped": false
            }
          ],
          "suites": [],
          "passes": [],
          "failures": [
            "9cdb9e4a-ef23-4c8b-a227-75dfceeaec41",
            "3fb09082-4f06-4825-89fb-32cb950865c8",
            "6e9932e6-3f6d-47d4-97ca-9531cd339167"
          ],
          "pending": [],
          "skipped": [],
          "duration": 12874,
          "root": false,
          "rootEmpty": false,
          "_timeout": 2000
        },
        {
          "uuid": "2fb443d0-7493-455f-9e72-e05c6ec6295a",
          "title": "12 - Faça com que as cores da paleta sejam geradas aleatoriamente ao carregar a página.",
          "fullFile": "",
          "file": "",
          "beforeHooks": [],
          "afterHooks": [],
          "tests": [
            {
              "title": "Verifica se as cores geradas na paleta são diferentes a cada carregamento da página",
              "fullTitle": "12 - Faça com que as cores da paleta sejam geradas aleatoriamente ao carregar a página. Verifica se as cores geradas na paleta são diferentes a cada carregamento da página",
              "timedOut": null,
              "duration": 437,
              "state": "failed",
              "speed": null,
              "pass": false,
              "fail": true,
              "pending": false,
              "context": null,
              "code": "cy.get('.color').then(function (colors) {\n  var currentColors;\n  var previousColors;\n  previousColors = Array.from(colors).map(function (color) {\n    return Cypress.$(color).css('background-color');\n  });\n  for (var i = 0; i < 5; i += 1) {\n    cy.reload();\n    cy.get('.color').then(function (colors) {\n      currentColors = Array.from(colors).map(function (color) {\n        return Cypress.$(color).css('background-color');\n      });\n      expect(currentColors).not.to.deep.equal(previousColors);\n      previousColors = currentColors;\n    });\n  }\n});",
              "err": {
                "message": "AssertionError: expected [ Array(4) ] to not deeply equal [ Array(4) ]",
                "estack": "AssertionError: expected [ Array(4) ] to not deeply equal [ Array(4) ]\n    at getRet (http://localhost:43907/__cypress/runner/cypress_runner.js:136585:16)\n    at tryCatcher (http://localhost:43907/__cypress/runner/cypress_runner.js:167415:23)\n    at Function.Promise.attempt.Promise.try (http://localhost:43907/__cypress/runner/cypress_runner.js:164690:29)\n    at Context.thenFn (http://localhost:43907/__cypress/runner/cypress_runner.js:136599:23)\n    at Context.then (http://localhost:43907/__cypress/runner/cypress_runner.js:136971:21)\n    at Context.<anonymous> (http://localhost:43907/__cypress/runner/cypress_runner.js:148875:21)\n    at http://localhost:43907/__cypress/runner/cypress_runner.js:148351:33\n    at tryCatcher (http://localhost:43907/__cypress/runner/cypress_runner.js:167415:23)\n    at Promise._settlePromiseFromHandler (http://localhost:43907/__cypress/runner/cypress_runner.js:165351:31)\n    at Promise._settlePromise (http://localhost:43907/__cypress/runner/cypress_runner.js:165408:18)\n    at Promise._settlePromiseCtx (http://localhost:43907/__cypress/runner/cypress_runner.js:165445:10)\n    at Async../node_modules/bluebird/js/release/async.js.Async._drainQueue (http://localhost:43907/__cypress/runner/cypress_runner.js:162145:12)\n    at Async../node_modules/bluebird/js/release/async.js.Async._drainQueues (http://localhost:43907/__cypress/runner/cypress_runner.js:162150:10)\n    at Async.drainQueues (http://localhost:43907/__cypress/runner/cypress_runner.js:162024:14)",
                "diff": ""
              },
              "uuid": "28defadb-6a87-45ca-8442-8cc8e63acb39",
              "parentUUID": "2fb443d0-7493-455f-9e72-e05c6ec6295a",
              "isHook": false,
              "skipped": false
            },
            {
              "title": "Verifica se a cor preta ainda está presente e é a primeira na sua paleta de cores",
              "fullTitle": "12 - Faça com que as cores da paleta sejam geradas aleatoriamente ao carregar a página. Verifica se a cor preta ainda está presente e é a primeira na sua paleta de cores",
              "timedOut": null,
              "duration": 344,
              "state": "failed",
              "speed": null,
              "pass": false,
              "fail": true,
              "pending": false,
              "context": null,
              "code": "cy.get('.color').then(function (colors) {\n  var currentColors;\n  var previousColors;\n  previousColors = Array.from(colors).map(function (color) {\n    return Cypress.$(color).css('background-color');\n  });\n  expect(previousColors[0]).to.eq(BLACK);\n  for (var i = 0; i < 5; i += 1) {\n    cy.reload();\n    cy.get('.color').then(function (colors) {\n      currentColors = Array.from(colors).map(function (color) {\n        return Cypress.$(color).css('background-color');\n      });\n      expect(currentColors[0]).to.eq(BLACK);\n      expect(currentColors).not.to.deep.equal(previousColors);\n      previousColors = currentColors;\n    });\n  }\n});",
              "err": {
                "message": "AssertionError: expected [ Array(4) ] to not deeply equal [ Array(4) ]",
                "estack": "AssertionError: expected [ Array(4) ] to not deeply equal [ Array(4) ]\n    at getRet (http://localhost:43907/__cypress/runner/cypress_runner.js:136585:16)\n    at tryCatcher (http://localhost:43907/__cypress/runner/cypress_runner.js:167415:23)\n    at Function.Promise.attempt.Promise.try (http://localhost:43907/__cypress/runner/cypress_runner.js:164690:29)\n    at Context.thenFn (http://localhost:43907/__cypress/runner/cypress_runner.js:136599:23)\n    at Context.then (http://localhost:43907/__cypress/runner/cypress_runner.js:136971:21)\n    at Context.<anonymous> (http://localhost:43907/__cypress/runner/cypress_runner.js:148875:21)\n    at http://localhost:43907/__cypress/runner/cypress_runner.js:148351:33\n    at tryCatcher (http://localhost:43907/__cypress/runner/cypress_runner.js:167415:23)\n    at Promise._settlePromiseFromHandler (http://localhost:43907/__cypress/runner/cypress_runner.js:165351:31)\n    at Promise._settlePromise (http://localhost:43907/__cypress/runner/cypress_runner.js:165408:18)\n    at Promise._settlePromiseCtx (http://localhost:43907/__cypress/runner/cypress_runner.js:165445:10)\n    at Async../node_modules/bluebird/js/release/async.js.Async._drainQueue (http://localhost:43907/__cypress/runner/cypress_runner.js:162145:12)\n    at Async../node_modules/bluebird/js/release/async.js.Async._drainQueues (http://localhost:43907/__cypress/runner/cypress_runner.js:162150:10)\n    at Async.drainQueues (http://localhost:43907/__cypress/runner/cypress_runner.js:162024:14)",
                "diff": ""
              },
              "uuid": "6812fddc-1115-47c8-9c4c-4fe842220ebe",
              "parentUUID": "2fb443d0-7493-455f-9e72-e05c6ec6295a",
              "isHook": false,
              "skipped": false
            }
          ],
          "suites": [],
          "passes": [],
          "failures": [
            "28defadb-6a87-45ca-8442-8cc8e63acb39",
            "6812fddc-1115-47c8-9c4c-4fe842220ebe"
          ],
          "pending": [],
          "skipped": [],
          "duration": 781,
          "root": false,
          "rootEmpty": false,
          "_timeout": 2000
        }
      ],
      "passes": [],
      "failures": [],
      "pending": [],
      "skipped": [],
      "duration": 0,
      "root": true,
      "rootEmpty": true,
      "_timeout": 2000
    }
  ],
  "meta": {
    "mocha": {
      "version": "7.0.1"
    },
    "mochawesome": {
      "options": {
        "quiet": false,
        "reportFilename": "mochawesome",
        "saveHtml": false,
        "saveJson": true,
        "consoleReporter": "spec",
        "useInlineDiffs": false
      },
      "version": "4.1.0"
    },
    "marge": {
      "options": {
        "id": "default",
        "reportDir": "cypress/reports",
        "overwrite": true,
        "html": false,
        "json": true
      },
      "version": "4.1.0"
    }
  }
}